c:\users\chris\desktop\finals\otodecks\builds\visualstudio2022\x64\debug\app\otodecks.pdb
c:\users\chris\desktop\finals\otodecks\builds\visualstudio2022\x64\debug\app\include_juce_gui_basics.obj
c:\users\chris\desktop\finals\otodecks\builds\visualstudio2022\x64\debug\app\include_juce_graphics.obj
c:\users\chris\desktop\finals\otodecks\builds\visualstudio2022\x64\debug\app\include_juce_gui_extra.obj
c:\users\chris\desktop\finals\otodecks\builds\visualstudio2022\x64\debug\app\include_juce_audio_basics.obj
c:\users\chris\desktop\finals\otodecks\builds\visualstudio2022\x64\debug\app\include_juce_events.obj
c:\users\chris\desktop\finals\otodecks\builds\visualstudio2022\x64\debug\app\include_juce_audio_devices.obj
c:\users\chris\desktop\finals\otodecks\builds\visualstudio2022\x64\debug\app\include_juce_audio_processors.obj
c:\users\chris\desktop\finals\otodecks\builds\visualstudio2022\x64\debug\app\include_juce_core.obj
c:\users\chris\desktop\finals\otodecks\builds\visualstudio2022\x64\debug\app\main.obj
c:\users\chris\desktop\finals\otodecks\builds\visualstudio2022\x64\debug\app\include_juce_data_structures.obj
c:\users\chris\desktop\finals\otodecks\builds\visualstudio2022\x64\debug\app\include_juce_audio_utils.obj
c:\users\chris\desktop\finals\otodecks\builds\visualstudio2022\x64\debug\app\include_juce_audio_formats.obj
c:\users\chris\desktop\finals\otodecks\builds\visualstudio2022\x64\debug\app\maincomponent.obj
c:\users\chris\desktop\finals\otodecks\builds\visualstudio2022\x64\debug\app\otodecks.exe
c:\users\chris\desktop\finals\otodecks\builds\visualstudio2022\x64\debug\app\otodecks.ilk
c:\users\chris\desktop\finals\otodecks\builds\visualstudio2022\x64\debug\app\vcpkg.applocal.log
c:\users\chris\desktop\finals\otodecks\builds\visualstudio2022\x64\debug\app\resources.res
c:\users\chris\desktop\finals\otodecks\builds\visualstudio2022\x64\debug\app\otodecks_app.tlog\cl.command.1.tlog
c:\users\chris\desktop\finals\otodecks\builds\visualstudio2022\x64\debug\app\otodecks_app.tlog\cl.read.1.tlog
c:\users\chris\desktop\finals\otodecks\builds\visualstudio2022\x64\debug\app\otodecks_app.tlog\cl.write.1.tlog
c:\users\chris\desktop\finals\otodecks\builds\visualstudio2022\x64\debug\app\otodecks_app.tlog\link.command.1.tlog
c:\users\chris\desktop\finals\otodecks\builds\visualstudio2022\x64\debug\app\otodecks_app.tlog\link.read.1.tlog
c:\users\chris\desktop\finals\otodecks\builds\visualstudio2022\x64\debug\app\otodecks_app.tlog\link.write.1.tlog
c:\users\chris\desktop\finals\otodecks\builds\visualstudio2022\x64\debug\app\otodecks_app.tlog\otodecks_app.write.1u.tlog
c:\users\chris\desktop\finals\otodecks\builds\visualstudio2022\x64\debug\app\otodecks_app.tlog\rc.command.1.tlog
c:\users\chris\desktop\finals\otodecks\builds\visualstudio2022\x64\debug\app\otodecks_app.tlog\rc.read.1.tlog
c:\users\chris\desktop\finals\otodecks\builds\visualstudio2022\x64\debug\app\otodecks_app.tlog\rc.write.1.tlog
